<?xml version="1.0" encoding="UTF-8"?>
<testsuite xmlns:xsi="http://www.w3.org/2001/XMLSchema-instance" xsi:noNamespaceSchemaLocation="https://maven.apache.org/surefire/maven-surefire-plugin/xsd/surefire-test-report-3.0.xsd" version="3.0" name="it.daniele.service.GestioneSistemaScolasticoTest" time="5.754" tests="7" errors="0" skipped="0" failures="0">
  <properties>
[...]
</properties>
  <testcase name="testCreaStudente" classname="it.daniele.service.GestioneSistemaScolasticoTest" time="4.403">
    <system-out><![CDATA[Hibernate: insert into studenti (cognome, data_di_nascita, email, indirizzo, nome) values (?, ?, ?, ?, ?)
Hibernate: select studente0_.id as id1_3_0_, studente0_.cognome as cognome2_3_0_, studente0_.data_di_nascita as data_di_3_3_0_, studente0_.email as email4_3_0_, studente0_.indirizzo as indirizz5_3_0_, studente0_.nome as nome6_3_0_ from studenti studente0_ where studente0_.id=?
]]></system-out>
    <system-err><![CDATA[mar 29, 2023 11:50:42 AM org.hibernate.jpa.internal.util.LogHelper logPersistenceUnitInformation
INFO: HHH000204: Processing PersistenceUnitInfo [name: projectSistemaScolastico]
mar 29, 2023 11:50:42 AM org.hibernate.Version logVersion
INFO: HHH000412: Hibernate ORM core version 5.4.32.Final
mar 29, 2023 11:50:42 AM org.hibernate.annotations.common.reflection.java.JavaReflectionManager <clinit>
INFO: HCANN000001: Hibernate Commons Annotations {5.1.2.Final}
mar 29, 2023 11:50:43 AM org.hibernate.engine.jdbc.connections.internal.DriverManagerConnectionProviderImpl configure
WARN: HHH10001002: Using Hibernate built-in connection pool (not for production use!)
mar 29, 2023 11:50:43 AM org.hibernate.engine.jdbc.connections.internal.DriverManagerConnectionProviderImpl buildCreator
INFO: HHH10001005: using driver [com.mysql.cj.jdbc.Driver] at URL [jdbc:mysql://localhost:3306/sistema_scolastico]
mar 29, 2023 11:50:43 AM org.hibernate.engine.jdbc.connections.internal.DriverManagerConnectionProviderImpl buildCreator
INFO: HHH10001001: Connection properties: {user=root, password=****}
mar 29, 2023 11:50:43 AM org.hibernate.engine.jdbc.connections.internal.DriverManagerConnectionProviderImpl buildCreator
INFO: HHH10001003: Autocommit mode: false
mar 29, 2023 11:50:43 AM org.hibernate.engine.jdbc.connections.internal.DriverManagerConnectionProviderImpl$PooledConnections <init>
INFO: HHH000115: Hibernate connection pool size: 20 (min=1)
mar 29, 2023 11:50:44 AM org.hibernate.dialect.Dialect <init>
INFO: HHH000400: Using dialect: org.hibernate.dialect.MySQL8Dialect
mar 29, 2023 11:50:45 AM org.hibernate.resource.transaction.backend.jdbc.internal.DdlTransactionIsolatorNonJtaImpl getIsolatedConnection
INFO: HHH10001501: Connection obtained from JdbcConnectionAccess [org.hibernate.engine.jdbc.env.internal.JdbcEnvironmentInitiator$ConnectionProviderJdbcConnectionAccess@554cd74a] for (non-JTA) DDL execution was not in auto-commit mode; the Connection 'local transaction' will be committed and the Connection will be set into auto-commit mode.
mar 29, 2023 11:50:45 AM org.hibernate.engine.transaction.jta.platform.internal.JtaPlatformInitiator initiateService
INFO: HHH000490: Using JtaPlatform implementation: [org.hibernate.engine.transaction.jta.platform.internal.NoJtaPlatform]
]]></system-err>
  </testcase>
  <testcase name="testEliminaInsegnante" classname="it.daniele.service.GestioneSistemaScolasticoTest" time="0.218">
    <system-out><![CDATA[Hibernate: insert into insegnanti (cognome, data_di_nascita, email, indirizzo, materia_insegnata, nome) values (?, ?, ?, ?, ?, ?)
Hibernate: select insegnante0_.id as id1_1_0_, insegnante0_.cognome as cognome2_1_0_, insegnante0_.data_di_nascita as data_di_3_1_0_, insegnante0_.email as email4_1_0_, insegnante0_.indirizzo as indirizz5_1_0_, insegnante0_.materia_insegnata as materia_6_1_0_, insegnante0_.nome as nome7_1_0_ from insegnanti insegnante0_ where insegnante0_.id=?
Hibernate: delete from insegnanti where id=?
Hibernate: select insegnante0_.id as id1_1_0_, insegnante0_.cognome as cognome2_1_0_, insegnante0_.data_di_nascita as data_di_3_1_0_, insegnante0_.email as email4_1_0_, insegnante0_.indirizzo as indirizz5_1_0_, insegnante0_.materia_insegnata as materia_6_1_0_, insegnante0_.nome as nome7_1_0_ from insegnanti insegnante0_ where insegnante0_.id=?
]]></system-out>
    <system-err><![CDATA[mar 29, 2023 11:50:46 AM org.hibernate.jpa.internal.util.LogHelper logPersistenceUnitInformation
INFO: HHH000204: Processing PersistenceUnitInfo [name: projectSistemaScolastico]
mar 29, 2023 11:50:46 AM org.hibernate.engine.jdbc.connections.internal.DriverManagerConnectionProviderImpl configure
WARN: HHH10001002: Using Hibernate built-in connection pool (not for production use!)
mar 29, 2023 11:50:46 AM org.hibernate.engine.jdbc.connections.internal.DriverManagerConnectionProviderImpl buildCreator
INFO: HHH10001005: using driver [com.mysql.cj.jdbc.Driver] at URL [jdbc:mysql://localhost:3306/sistema_scolastico]
mar 29, 2023 11:50:46 AM org.hibernate.engine.jdbc.connections.internal.DriverManagerConnectionProviderImpl buildCreator
INFO: HHH10001001: Connection properties: {user=root, password=****}
mar 29, 2023 11:50:46 AM org.hibernate.engine.jdbc.connections.internal.DriverManagerConnectionProviderImpl buildCreator
INFO: HHH10001003: Autocommit mode: false
mar 29, 2023 11:50:46 AM org.hibernate.engine.jdbc.connections.internal.DriverManagerConnectionProviderImpl$PooledConnections <init>
INFO: HHH000115: Hibernate connection pool size: 20 (min=1)
mar 29, 2023 11:50:46 AM org.hibernate.dialect.Dialect <init>
INFO: HHH000400: Using dialect: org.hibernate.dialect.MySQL8Dialect
mar 29, 2023 11:50:46 AM org.hibernate.resource.transaction.backend.jdbc.internal.DdlTransactionIsolatorNonJtaImpl getIsolatedConnection
INFO: HHH10001501: Connection obtained from JdbcConnectionAccess [org.hibernate.engine.jdbc.env.internal.JdbcEnvironmentInitiator$ConnectionProviderJdbcConnectionAccess@1cd3b138] for (non-JTA) DDL execution was not in auto-commit mode; the Connection 'local transaction' will be committed and the Connection will be set into auto-commit mode.
mar 29, 2023 11:50:46 AM org.hibernate.engine.transaction.jta.platform.internal.JtaPlatformInitiator initiateService
INFO: HHH000490: Using JtaPlatform implementation: [org.hibernate.engine.transaction.jta.platform.internal.NoJtaPlatform]
]]></system-err>
  </testcase>
  <testcase name="testAnnullaIscrizione" classname="it.daniele.service.GestioneSistemaScolasticoTest" time="0.409">
    <system-out><![CDATA[Hibernate: insert into studenti (cognome, data_di_nascita, email, indirizzo, nome) values (?, ?, ?, ?, ?)
Hibernate: insert into corsi (crediti, descrizione, insegnante_id, titolo) values (?, ?, ?, ?)
Hibernate: select studente0_.id as id1_3_0_, studente0_.cognome as cognome2_3_0_, studente0_.data_di_nascita as data_di_3_3_0_, studente0_.email as email4_3_0_, studente0_.indirizzo as indirizz5_3_0_, studente0_.nome as nome6_3_0_ from studenti studente0_ where studente0_.id=?
Hibernate: select corso0_.id as id1_0_0_, corso0_.crediti as crediti2_0_0_, corso0_.descrizione as descrizi3_0_0_, corso0_.insegnante_id as insegnan5_0_0_, corso0_.titolo as titolo4_0_0_, insegnante1_.id as id1_1_1_, insegnante1_.cognome as cognome2_1_1_, insegnante1_.data_di_nascita as data_di_3_1_1_, insegnante1_.email as email4_1_1_, insegnante1_.indirizzo as indirizz5_1_1_, insegnante1_.materia_insegnata as materia_6_1_1_, insegnante1_.nome as nome7_1_1_ from corsi corso0_ left outer join insegnanti insegnante1_ on corso0_.insegnante_id=insegnante1_.id where corso0_.id=?
Hibernate: insert into iscrizioni (corso_id, data_iscrizione, studente_id, voto) values (?, ?, ?, ?)
Hibernate: select iscrizione0_.id as id1_2_, iscrizione0_.corso_id as corso_id4_2_, iscrizione0_.data_iscrizione as data_isc2_2_, iscrizione0_.studente_id as studente5_2_, iscrizione0_.voto as voto3_2_ from iscrizioni iscrizione0_ where iscrizione0_.studente_id=? and iscrizione0_.corso_id=?
Hibernate: select corso0_.id as id1_0_0_, corso0_.crediti as crediti2_0_0_, corso0_.descrizione as descrizi3_0_0_, corso0_.insegnante_id as insegnan5_0_0_, corso0_.titolo as titolo4_0_0_, insegnante1_.id as id1_1_1_, insegnante1_.cognome as cognome2_1_1_, insegnante1_.data_di_nascita as data_di_3_1_1_, insegnante1_.email as email4_1_1_, insegnante1_.indirizzo as indirizz5_1_1_, insegnante1_.materia_insegnata as materia_6_1_1_, insegnante1_.nome as nome7_1_1_ from corsi corso0_ left outer join insegnanti insegnante1_ on corso0_.insegnante_id=insegnante1_.id where corso0_.id=?
Hibernate: select studente0_.id as id1_3_0_, studente0_.cognome as cognome2_3_0_, studente0_.data_di_nascita as data_di_3_3_0_, studente0_.email as email4_3_0_, studente0_.indirizzo as indirizz5_3_0_, studente0_.nome as nome6_3_0_ from studenti studente0_ where studente0_.id=?
Hibernate: select iscrizione0_.id as id1_2_0_, iscrizione0_.corso_id as corso_id4_2_0_, iscrizione0_.data_iscrizione as data_isc2_2_0_, iscrizione0_.studente_id as studente5_2_0_, iscrizione0_.voto as voto3_2_0_, corso1_.id as id1_0_1_, corso1_.crediti as crediti2_0_1_, corso1_.descrizione as descrizi3_0_1_, corso1_.insegnante_id as insegnan5_0_1_, corso1_.titolo as titolo4_0_1_, insegnante2_.id as id1_1_2_, insegnante2_.cognome as cognome2_1_2_, insegnante2_.data_di_nascita as data_di_3_1_2_, insegnante2_.email as email4_1_2_, insegnante2_.indirizzo as indirizz5_1_2_, insegnante2_.materia_insegnata as materia_6_1_2_, insegnante2_.nome as nome7_1_2_, studente3_.id as id1_3_3_, studente3_.cognome as cognome2_3_3_, studente3_.data_di_nascita as data_di_3_3_3_, studente3_.email as email4_3_3_, studente3_.indirizzo as indirizz5_3_3_, studente3_.nome as nome6_3_3_ from iscrizioni iscrizione0_ left outer join corsi corso1_ on iscrizione0_.corso_id=corso1_.id left outer join insegnanti insegnante2_ on corso1_.insegnante_id=insegnante2_.id left outer join studenti studente3_ on iscrizione0_.studente_id=studente3_.id where iscrizione0_.id=?
Hibernate: delete from iscrizioni where id=?
Hibernate: select iscrizione0_.id as id1_2_0_, iscrizione0_.corso_id as corso_id4_2_0_, iscrizione0_.data_iscrizione as data_isc2_2_0_, iscrizione0_.studente_id as studente5_2_0_, iscrizione0_.voto as voto3_2_0_, corso1_.id as id1_0_1_, corso1_.crediti as crediti2_0_1_, corso1_.descrizione as descrizi3_0_1_, corso1_.insegnante_id as insegnan5_0_1_, corso1_.titolo as titolo4_0_1_, insegnante2_.id as id1_1_2_, insegnante2_.cognome as cognome2_1_2_, insegnante2_.data_di_nascita as data_di_3_1_2_, insegnante2_.email as email4_1_2_, insegnante2_.indirizzo as indirizz5_1_2_, insegnante2_.materia_insegnata as materia_6_1_2_, insegnante2_.nome as nome7_1_2_, studente3_.id as id1_3_3_, studente3_.cognome as cognome2_3_3_, studente3_.data_di_nascita as data_di_3_3_3_, studente3_.email as email4_3_3_, studente3_.indirizzo as indirizz5_3_3_, studente3_.nome as nome6_3_3_ from iscrizioni iscrizione0_ left outer join corsi corso1_ on iscrizione0_.corso_id=corso1_.id left outer join insegnanti insegnante2_ on corso1_.insegnante_id=insegnante2_.id left outer join studenti studente3_ on iscrizione0_.studente_id=studente3_.id where iscrizione0_.id=?
]]></system-out>
    <system-err><![CDATA[mar 29, 2023 11:50:46 AM org.hibernate.jpa.internal.util.LogHelper logPersistenceUnitInformation
INFO: HHH000204: Processing PersistenceUnitInfo [name: projectSistemaScolastico]
mar 29, 2023 11:50:46 AM org.hibernate.engine.jdbc.connections.internal.DriverManagerConnectionProviderImpl configure
WARN: HHH10001002: Using Hibernate built-in connection pool (not for production use!)
mar 29, 2023 11:50:46 AM org.hibernate.engine.jdbc.connections.internal.DriverManagerConnectionProviderImpl buildCreator
INFO: HHH10001005: using driver [com.mysql.cj.jdbc.Driver] at URL [jdbc:mysql://localhost:3306/sistema_scolastico]
mar 29, 2023 11:50:46 AM org.hibernate.engine.jdbc.connections.internal.DriverManagerConnectionProviderImpl buildCreator
INFO: HHH10001001: Connection properties: {user=root, password=****}
mar 29, 2023 11:50:46 AM org.hibernate.engine.jdbc.connections.internal.DriverManagerConnectionProviderImpl buildCreator
INFO: HHH10001003: Autocommit mode: false
mar 29, 2023 11:50:46 AM org.hibernate.engine.jdbc.connections.internal.DriverManagerConnectionProviderImpl$PooledConnections <init>
INFO: HHH000115: Hibernate connection pool size: 20 (min=1)
mar 29, 2023 11:50:46 AM org.hibernate.dialect.Dialect <init>
INFO: HHH000400: Using dialect: org.hibernate.dialect.MySQL8Dialect
mar 29, 2023 11:50:46 AM org.hibernate.resource.transaction.backend.jdbc.internal.DdlTransactionIsolatorNonJtaImpl getIsolatedConnection
INFO: HHH10001501: Connection obtained from JdbcConnectionAccess [org.hibernate.engine.jdbc.env.internal.JdbcEnvironmentInitiator$ConnectionProviderJdbcConnectionAccess@5981f4a6] for (non-JTA) DDL execution was not in auto-commit mode; the Connection 'local transaction' will be committed and the Connection will be set into auto-commit mode.
mar 29, 2023 11:50:46 AM org.hibernate.engine.transaction.jta.platform.internal.JtaPlatformInitiator initiateService
INFO: HHH000490: Using JtaPlatform implementation: [org.hibernate.engine.transaction.jta.platform.internal.NoJtaPlatform]
]]></system-err>
  </testcase>
  <testcase name="testCreaCorso" classname="it.daniele.service.GestioneSistemaScolasticoTest" time="0.184">
    <system-out><![CDATA[Hibernate: insert into corsi (crediti, descrizione, insegnante_id, titolo) values (?, ?, ?, ?)
Hibernate: select corso0_.id as id1_0_0_, corso0_.crediti as crediti2_0_0_, corso0_.descrizione as descrizi3_0_0_, corso0_.insegnante_id as insegnan5_0_0_, corso0_.titolo as titolo4_0_0_, insegnante1_.id as id1_1_1_, insegnante1_.cognome as cognome2_1_1_, insegnante1_.data_di_nascita as data_di_3_1_1_, insegnante1_.email as email4_1_1_, insegnante1_.indirizzo as indirizz5_1_1_, insegnante1_.materia_insegnata as materia_6_1_1_, insegnante1_.nome as nome7_1_1_ from corsi corso0_ left outer join insegnanti insegnante1_ on corso0_.insegnante_id=insegnante1_.id where corso0_.id=?
]]></system-out>
    <system-err><![CDATA[mar 29, 2023 11:50:46 AM org.hibernate.jpa.internal.util.LogHelper logPersistenceUnitInformation
INFO: HHH000204: Processing PersistenceUnitInfo [name: projectSistemaScolastico]
mar 29, 2023 11:50:46 AM org.hibernate.engine.jdbc.connections.internal.DriverManagerConnectionProviderImpl configure
WARN: HHH10001002: Using Hibernate built-in connection pool (not for production use!)
mar 29, 2023 11:50:46 AM org.hibernate.engine.jdbc.connections.internal.DriverManagerConnectionProviderImpl buildCreator
INFO: HHH10001005: using driver [com.mysql.cj.jdbc.Driver] at URL [jdbc:mysql://localhost:3306/sistema_scolastico]
mar 29, 2023 11:50:46 AM org.hibernate.engine.jdbc.connections.internal.DriverManagerConnectionProviderImpl buildCreator
INFO: HHH10001001: Connection properties: {user=root, password=****}
mar 29, 2023 11:50:46 AM org.hibernate.engine.jdbc.connections.internal.DriverManagerConnectionProviderImpl buildCreator
INFO: HHH10001003: Autocommit mode: false
mar 29, 2023 11:50:46 AM org.hibernate.engine.jdbc.connections.internal.DriverManagerConnectionProviderImpl$PooledConnections <init>
INFO: HHH000115: Hibernate connection pool size: 20 (min=1)
mar 29, 2023 11:50:46 AM org.hibernate.dialect.Dialect <init>
INFO: HHH000400: Using dialect: org.hibernate.dialect.MySQL8Dialect
mar 29, 2023 11:50:46 AM org.hibernate.resource.transaction.backend.jdbc.internal.DdlTransactionIsolatorNonJtaImpl getIsolatedConnection
INFO: HHH10001501: Connection obtained from JdbcConnectionAccess [org.hibernate.engine.jdbc.env.internal.JdbcEnvironmentInitiator$ConnectionProviderJdbcConnectionAccess@2740e316] for (non-JTA) DDL execution was not in auto-commit mode; the Connection 'local transaction' will be committed and the Connection will be set into auto-commit mode.
mar 29, 2023 11:50:47 AM org.hibernate.engine.transaction.jta.platform.internal.JtaPlatformInitiator initiateService
INFO: HHH000490: Using JtaPlatform implementation: [org.hibernate.engine.transaction.jta.platform.internal.NoJtaPlatform]
]]></system-err>
  </testcase>
  <testcase name="testCreaInsegnante" classname="it.daniele.service.GestioneSistemaScolasticoTest" time="0.161">
    <system-out><![CDATA[Hibernate: insert into insegnanti (cognome, data_di_nascita, email, indirizzo, materia_insegnata, nome) values (?, ?, ?, ?, ?, ?)
Hibernate: select insegnante0_.id as id1_1_0_, insegnante0_.cognome as cognome2_1_0_, insegnante0_.data_di_nascita as data_di_3_1_0_, insegnante0_.email as email4_1_0_, insegnante0_.indirizzo as indirizz5_1_0_, insegnante0_.materia_insegnata as materia_6_1_0_, insegnante0_.nome as nome7_1_0_ from insegnanti insegnante0_ where insegnante0_.id=?
]]></system-out>
    <system-err><![CDATA[mar 29, 2023 11:50:47 AM org.hibernate.jpa.internal.util.LogHelper logPersistenceUnitInformation
INFO: HHH000204: Processing PersistenceUnitInfo [name: projectSistemaScolastico]
mar 29, 2023 11:50:47 AM org.hibernate.engine.jdbc.connections.internal.DriverManagerConnectionProviderImpl configure
WARN: HHH10001002: Using Hibernate built-in connection pool (not for production use!)
mar 29, 2023 11:50:47 AM org.hibernate.engine.jdbc.connections.internal.DriverManagerConnectionProviderImpl buildCreator
INFO: HHH10001005: using driver [com.mysql.cj.jdbc.Driver] at URL [jdbc:mysql://localhost:3306/sistema_scolastico]
mar 29, 2023 11:50:47 AM org.hibernate.engine.jdbc.connections.internal.DriverManagerConnectionProviderImpl buildCreator
INFO: HHH10001001: Connection properties: {user=root, password=****}
mar 29, 2023 11:50:47 AM org.hibernate.engine.jdbc.connections.internal.DriverManagerConnectionProviderImpl buildCreator
INFO: HHH10001003: Autocommit mode: false
mar 29, 2023 11:50:47 AM org.hibernate.engine.jdbc.connections.internal.DriverManagerConnectionProviderImpl$PooledConnections <init>
INFO: HHH000115: Hibernate connection pool size: 20 (min=1)
mar 29, 2023 11:50:47 AM org.hibernate.dialect.Dialect <init>
INFO: HHH000400: Using dialect: org.hibernate.dialect.MySQL8Dialect
mar 29, 2023 11:50:47 AM org.hibernate.resource.transaction.backend.jdbc.internal.DdlTransactionIsolatorNonJtaImpl getIsolatedConnection
INFO: HHH10001501: Connection obtained from JdbcConnectionAccess [org.hibernate.engine.jdbc.env.internal.JdbcEnvironmentInitiator$ConnectionProviderJdbcConnectionAccess@5a917723] for (non-JTA) DDL execution was not in auto-commit mode; the Connection 'local transaction' will be committed and the Connection will be set into auto-commit mode.
mar 29, 2023 11:50:47 AM org.hibernate.engine.transaction.jta.platform.internal.JtaPlatformInitiator initiateService
INFO: HHH000490: Using JtaPlatform implementation: [org.hibernate.engine.transaction.jta.platform.internal.NoJtaPlatform]
]]></system-err>
  </testcase>
  <testcase name="testEliminaCorso" classname="it.daniele.service.GestioneSistemaScolasticoTest" time="0.162">
    <system-out><![CDATA[Hibernate: insert into corsi (crediti, descrizione, insegnante_id, titolo) values (?, ?, ?, ?)
Hibernate: select corso0_.id as id1_0_0_, corso0_.crediti as crediti2_0_0_, corso0_.descrizione as descrizi3_0_0_, corso0_.insegnante_id as insegnan5_0_0_, corso0_.titolo as titolo4_0_0_, insegnante1_.id as id1_1_1_, insegnante1_.cognome as cognome2_1_1_, insegnante1_.data_di_nascita as data_di_3_1_1_, insegnante1_.email as email4_1_1_, insegnante1_.indirizzo as indirizz5_1_1_, insegnante1_.materia_insegnata as materia_6_1_1_, insegnante1_.nome as nome7_1_1_ from corsi corso0_ left outer join insegnanti insegnante1_ on corso0_.insegnante_id=insegnante1_.id where corso0_.id=?
Hibernate: delete from corsi where id=?
Hibernate: select corso0_.id as id1_0_0_, corso0_.crediti as crediti2_0_0_, corso0_.descrizione as descrizi3_0_0_, corso0_.insegnante_id as insegnan5_0_0_, corso0_.titolo as titolo4_0_0_, insegnante1_.id as id1_1_1_, insegnante1_.cognome as cognome2_1_1_, insegnante1_.data_di_nascita as data_di_3_1_1_, insegnante1_.email as email4_1_1_, insegnante1_.indirizzo as indirizz5_1_1_, insegnante1_.materia_insegnata as materia_6_1_1_, insegnante1_.nome as nome7_1_1_ from corsi corso0_ left outer join insegnanti insegnante1_ on corso0_.insegnante_id=insegnante1_.id where corso0_.id=?
]]></system-out>
    <system-err><![CDATA[mar 29, 2023 11:50:47 AM org.hibernate.jpa.internal.util.LogHelper logPersistenceUnitInformation
INFO: HHH000204: Processing PersistenceUnitInfo [name: projectSistemaScolastico]
mar 29, 2023 11:50:47 AM org.hibernate.engine.jdbc.connections.internal.DriverManagerConnectionProviderImpl configure
WARN: HHH10001002: Using Hibernate built-in connection pool (not for production use!)
mar 29, 2023 11:50:47 AM org.hibernate.engine.jdbc.connections.internal.DriverManagerConnectionProviderImpl buildCreator
INFO: HHH10001005: using driver [com.mysql.cj.jdbc.Driver] at URL [jdbc:mysql://localhost:3306/sistema_scolastico]
mar 29, 2023 11:50:47 AM org.hibernate.engine.jdbc.connections.internal.DriverManagerConnectionProviderImpl buildCreator
INFO: HHH10001001: Connection properties: {user=root, password=****}
mar 29, 2023 11:50:47 AM org.hibernate.engine.jdbc.connections.internal.DriverManagerConnectionProviderImpl buildCreator
INFO: HHH10001003: Autocommit mode: false
mar 29, 2023 11:50:47 AM org.hibernate.engine.jdbc.connections.internal.DriverManagerConnectionProviderImpl$PooledConnections <init>
INFO: HHH000115: Hibernate connection pool size: 20 (min=1)
mar 29, 2023 11:50:47 AM org.hibernate.dialect.Dialect <init>
INFO: HHH000400: Using dialect: org.hibernate.dialect.MySQL8Dialect
mar 29, 2023 11:50:47 AM org.hibernate.resource.transaction.backend.jdbc.internal.DdlTransactionIsolatorNonJtaImpl getIsolatedConnection
INFO: HHH10001501: Connection obtained from JdbcConnectionAccess [org.hibernate.engine.jdbc.env.internal.JdbcEnvironmentInitiator$ConnectionProviderJdbcConnectionAccess@51fc862e] for (non-JTA) DDL execution was not in auto-commit mode; the Connection 'local transaction' will be committed and the Connection will be set into auto-commit mode.
mar 29, 2023 11:50:47 AM org.hibernate.engine.transaction.jta.platform.internal.JtaPlatformInitiator initiateService
INFO: HHH000490: Using JtaPlatform implementation: [org.hibernate.engine.transaction.jta.platform.internal.NoJtaPlatform]
]]></system-err>
  </testcase>
  <testcase name="testEliminaStudente" classname="it.daniele.service.GestioneSistemaScolasticoTest" time="0.171">
    <system-out><![CDATA[Hibernate: insert into studenti (cognome, data_di_nascita, email, indirizzo, nome) values (?, ?, ?, ?, ?)
Hibernate: select studente0_.id as id1_3_0_, studente0_.cognome as cognome2_3_0_, studente0_.data_di_nascita as data_di_3_3_0_, studente0_.email as email4_3_0_, studente0_.indirizzo as indirizz5_3_0_, studente0_.nome as nome6_3_0_ from studenti studente0_ where studente0_.id=?
Hibernate: delete from studenti where id=?
Hibernate: select studente0_.id as id1_3_0_, studente0_.cognome as cognome2_3_0_, studente0_.data_di_nascita as data_di_3_3_0_, studente0_.email as email4_3_0_, studente0_.indirizzo as indirizz5_3_0_, studente0_.nome as nome6_3_0_ from studenti studente0_ where studente0_.id=?
]]></system-out>
    <system-err><![CDATA[mar 29, 2023 11:50:47 AM org.hibernate.jpa.internal.util.LogHelper logPersistenceUnitInformation
INFO: HHH000204: Processing PersistenceUnitInfo [name: projectSistemaScolastico]
mar 29, 2023 11:50:47 AM org.hibernate.engine.jdbc.connections.internal.DriverManagerConnectionProviderImpl configure
WARN: HHH10001002: Using Hibernate built-in connection pool (not for production use!)
mar 29, 2023 11:50:47 AM org.hibernate.engine.jdbc.connections.internal.DriverManagerConnectionProviderImpl buildCreator
INFO: HHH10001005: using driver [com.mysql.cj.jdbc.Driver] at URL [jdbc:mysql://localhost:3306/sistema_scolastico]
mar 29, 2023 11:50:47 AM org.hibernate.engine.jdbc.connections.internal.DriverManagerConnectionProviderImpl buildCreator
INFO: HHH10001001: Connection properties: {user=root, password=****}
mar 29, 2023 11:50:47 AM org.hibernate.engine.jdbc.connections.internal.DriverManagerConnectionProviderImpl buildCreator
INFO: HHH10001003: Autocommit mode: false
mar 29, 2023 11:50:47 AM org.hibernate.engine.jdbc.connections.internal.DriverManagerConnectionProviderImpl$PooledConnections <init>
INFO: HHH000115: Hibernate connection pool size: 20 (min=1)
mar 29, 2023 11:50:47 AM org.hibernate.dialect.Dialect <init>
INFO: HHH000400: Using dialect: org.hibernate.dialect.MySQL8Dialect
mar 29, 2023 11:50:47 AM org.hibernate.resource.transaction.backend.jdbc.internal.DdlTransactionIsolatorNonJtaImpl getIsolatedConnection
INFO: HHH10001501: Connection obtained from JdbcConnectionAccess [org.hibernate.engine.jdbc.env.internal.JdbcEnvironmentInitiator$ConnectionProviderJdbcConnectionAccess@e3b0369] for (non-JTA) DDL execution was not in auto-commit mode; the Connection 'local transaction' will be committed and the Connection will be set into auto-commit mode.
mar 29, 2023 11:50:47 AM org.hibernate.engine.transaction.jta.platform.internal.JtaPlatformInitiator initiateService
INFO: HHH000490: Using JtaPlatform implementation: [org.hibernate.engine.transaction.jta.platform.internal.NoJtaPlatform]
]]></system-err>
  </testcase>
</testsuite>